<?xml version="1.0" encoding="UTF-8"?>
<!-- Generated by org.testng.reporters.JUnitXMLReporter -->
<testsuite ignored="0" hostname="DESKTOP-QUC37FL" failures="0" tests="0" name="Command line test" time="2.623" errors="0" timestamp="2022-09-22T10:22:37 IST">
  <testcase classname="io.cucumber.testng.AbstractTestNGCucumberTests" name="@BeforeClass setUpClass" time="2.5">
    <failure type="io.cucumber.core.exception.CucumberException" message="java.lang.NoClassDefFoundError: org/w3c/dom/ls/DocumentLS">
      <![CDATA[io.cucumber.core.exception.CucumberException: java.lang.NoClassDefFoundError: org/w3c/dom/ls/DocumentLS
at io.cucumber.core.plugin.PluginFactory.newInstance(PluginFactory.java:120)
at io.cucumber.core.plugin.PluginFactory.instantiate(PluginFactory.java:99)
at io.cucumber.core.plugin.PluginFactory.create(PluginFactory.java:63)
at io.cucumber.core.plugin.Plugins.createPlugins(Plugins.java:32)
at io.cucumber.core.plugin.Plugins.<init>(Plugins.java:25)
at io.cucumber.testng.TestNGCucumberRunner.<init>(TestNGCucumberRunner.java:109)
at io.cucumber.testng.TestNGCucumberRunner.<init>(TestNGCucumberRunner.java:66)
at io.cucumber.testng.AbstractTestNGCucumberTests.setUpClass(AbstractTestNGCucumberTests.java:23)
at java.base/java.util.ArrayList.forEach(ArrayList.java:1511)
Caused by: java.lang.NoClassDefFoundError: org/w3c/dom/ls/DocumentLS
at java.base/java.lang.ClassLoader.defineClass1(Native Method)
at java.base/java.lang.ClassLoader.defineClass(ClassLoader.java:1012)
at java.base/java.security.SecureClassLoader.defineClass(SecureClassLoader.java:150)
at java.base/jdk.internal.loader.BuiltinClassLoader.defineClass(BuiltinClassLoader.java:862)
at java.base/jdk.internal.loader.BuiltinClassLoader.findClassOnClassPathOrNull(BuiltinClassLoader.java:760)
at java.base/jdk.internal.loader.BuiltinClassLoader.loadClassOrNull(BuiltinClassLoader.java:681)
at java.base/jdk.internal.loader.BuiltinClassLoader.loadClass(BuiltinClassLoader.java:639)
at java.base/jdk.internal.loader.ClassLoaders$AppClassLoader.loadClass(ClassLoaders.java:188)
at java.base/java.lang.ClassLoader.loadClass(ClassLoader.java:520)
at org.apache.xerces.jaxp.DocumentBuilderImpl.<init>(Unknown Source)
at org.apache.xerces.jaxp.DocumentBuilderFactoryImpl.newDocumentBuilder(Unknown Source)
at com.aventstack.extentreports.config.external.XmlConfigLoader.getConfigStore(XmlConfigLoader.java:59)
at com.aventstack.extentreports.config.external.XmlConfigLoader.apply(XmlConfigLoader.java:46)
at com.aventstack.extentreports.reporter.ExtentSparkReporter.loadXMLConfig(ExtentSparkReporter.java:96)
at com.aventstack.extentreports.reporter.ExtentSparkReporter.loadXMLConfig(ExtentSparkReporter.java:101)
at com.aventstack.extentreports.service.ExtentService$ExtentReportsLoader.attach(ExtentService.java:288)
at com.aventstack.extentreports.service.ExtentService$ExtentReportsLoader.initSpark(ExtentService.java:243)
at com.aventstack.extentreports.service.ExtentService$ExtentReportsLoader.createViaProperties(ExtentService.java:140)
at com.aventstack.extentreports.service.ExtentService$ExtentReportsLoader.<clinit>(ExtentService.java:118)
at com.aventstack.extentreports.service.ExtentService.getInstance(ExtentService.java:38)
at com.aventstack.extentreports.cucumber.adapter.ExtentCucumberAdapter.<init>(ExtentCucumberAdapter.java:141)
at io.cucumber.core.plugin.PluginFactory.newInstance(PluginFactory.java:116)
... 43 more
Caused by: java.lang.ClassNotFoundException: org.w3c.dom.ls.DocumentLS
at java.base/jdk.internal.loader.BuiltinClassLoader.loadClass(BuiltinClassLoader.java:641)
at java.base/jdk.internal.loader.ClassLoaders$AppClassLoader.loadClass(ClassLoaders.java:188)
at java.base/java.lang.ClassLoader.loadClass(ClassLoader.java:520)
... 70 more
... Removed 40 stack frames]]>
    </failure>
  </testcase> <!-- @BeforeClass setUpClass -->
</testsuite> <!-- Command line test -->
